2025-10-02 10:51:46,930 - main - INFO - [CHECK_UPDATE] Checking update for build_id: 'build-1000'
2025-10-02 10:51:46,931 - main - INFO - [CHECK_UPDATE] Current build data: None
2025-10-02 10:51:46,931 - main - WARNING - [CHECK_UPDATE] Build ID 'build-1000' not found! Available builds: ['build-1001', 'build-1002', 'build-1003', 'build-test', 'build-test-2', 'build1000']
2025-10-02 11:32:03,174 - main - INFO - Checking update for build_id: 'test-build-id'
2025-10-02 11:32:03,174 - main - INFO - Current build data: None
2025-10-02 11:32:22,238 - main - INFO - Checking update for build_id: 'ota-test-build-id'
2025-10-02 11:32:22,239 - main - INFO - Current build data: None
2025-10-02 11:32:22,239 - main - WARNING - Build ID 'ota-test-build-id' not found! Available builds: ["'test-build-id'", 'build-1000', 'build-1001', 'build-1002', 'build-1003', 'build-test', 'build-test-2']
2025-10-02 11:32:28,682 - main - INFO - Checking update for build_id: 'ota-test-build-id'
2025-10-02 11:32:28,683 - main - INFO - Current build data: None
2025-10-02 11:32:28,684 - main - WARNING - Build ID 'ota-test-build-id' not found! Available builds: ["'test-build-id'", 'build-1000', 'build-1001', 'build-1002', 'build-1003', 'build-test', 'build-test-2']
2025-10-02 11:32:33,106 - main - INFO - Checking update for build_id: 'ota-test-build-id'
2025-10-02 11:32:33,106 - main - INFO - Current build data: None
2025-10-02 11:32:33,106 - main - WARNING - Build ID 'ota-test-build-id' not found! Available builds: ["'test-build-id'", 'build-1000', 'build-1001', 'build-1002', 'build-1003', 'build-test', 'build-test-2']
2025-10-02 11:32:42,420 - main - INFO - Checking update for build_id: 'build-1000'
2025-10-02 11:32:42,421 - main - INFO - Current build data: {'version': '1.3', 'package_url': '/packages/ota-build-1000.zip', 'checksum': '6fbba0759b0aa0f1cae52f5d8fd7f27ea8b4c4b5c8e2f2d5a3a5f4f8c2c3a7e1', 'patch_notes': 'Update to version 1.3', 'filename': 'ota-build-1000.zip'}
2025-10-02 11:32:54,963 - main - INFO - Checking update for build_id: 'build-1000'
2025-10-02 11:32:54,963 - main - INFO - Current build data: {'version': '1.3', 'package_url': '/packages/ota-build-1000.zip', 'checksum': '6fbba0759b0aa0f1cae52f5d8fd7f27ea8b4c4b5c8e2f2d5a3a5f4f8c2c3a7e1', 'patch_notes': 'Update to version 1.3', 'filename': 'ota-build-1000.zip'}
2025-10-02 11:33:04,801 - main - INFO - Checking update for build_id: 'build-1000'
2025-10-02 11:33:04,802 - main - INFO - Current build data: {'version': '1.3', 'package_url': '/packages/ota-build-1000.zip', 'checksum': '6fbba0759b0aa0f1cae52f5d8fd7f27ea8b4c4b5c8e2f2d5a3a5f4f8c2c3a7e1', 'patch_notes': 'Update to version 1.3', 'filename': 'ota-build-1000.zip'}
2025-10-02 11:33:06,421 - main - INFO - Checking update for build_id: 'build-1000'
2025-10-02 11:33:06,422 - main - INFO - Current build data: {'version': '1.3', 'package_url': '/packages/ota-build-1000.zip', 'checksum': '6fbba0759b0aa0f1cae52f5d8fd7f27ea8b4c4b5c8e2f2d5a3a5f4f8c2c3a7e1', 'patch_notes': 'Update to version 1.3', 'filename': 'ota-build-1000.zip'}
2025-10-02 11:33:07,308 - main - INFO - Checking update for build_id: 'build-1000'
2025-10-02 11:33:07,308 - main - INFO - Current build data: {'version': '1.3', 'package_url': '/packages/ota-build-1000.zip', 'checksum': '6fbba0759b0aa0f1cae52f5d8fd7f27ea8b4c4b5c8e2f2d5a3a5f4f8c2c3a7e1', 'patch_notes': 'Update to version 1.3', 'filename': 'ota-build-1000.zip'}
2025-10-02 11:33:08,157 - main - INFO - Checking update for build_id: 'build-1000'
2025-10-02 11:33:08,157 - main - INFO - Current build data: {'version': '1.3', 'package_url': '/packages/ota-build-1000.zip', 'checksum': '6fbba0759b0aa0f1cae52f5d8fd7f27ea8b4c4b5c8e2f2d5a3a5f4f8c2c3a7e1', 'patch_notes': 'Update to version 1.3', 'filename': 'ota-build-1000.zip'}
2025-10-02 11:33:09,023 - main - INFO - Checking update for build_id: 'build-1000'
2025-10-02 11:33:09,024 - main - INFO - Current build data: {'version': '1.3', 'package_url': '/packages/ota-build-1000.zip', 'checksum': '6fbba0759b0aa0f1cae52f5d8fd7f27ea8b4c4b5c8e2f2d5a3a5f4f8c2c3a7e1', 'patch_notes': 'Update to version 1.3', 'filename': 'ota-build-1000.zip'}
2025-10-02 11:33:09,929 - main - INFO - Checking update for build_id: 'build-1000'
2025-10-02 11:33:09,930 - main - INFO - Current build data: {'version': '1.3', 'package_url': '/packages/ota-build-1000.zip', 'checksum': '6fbba0759b0aa0f1cae52f5d8fd7f27ea8b4c4b5c8e2f2d5a3a5f4f8c2c3a7e1', 'patch_notes': 'Update to version 1.3', 'filename': 'ota-build-1000.zip'}
2025-10-02 11:33:32,028 - main - INFO - Checking update for build_id: 'build-1000'
2025-10-02 11:33:32,029 - main - INFO - Current build data: {'version': '1.3', 'package_url': '/packages/ota-build-1000.zip', 'checksum': '6fbba0759b0aa0f1cae52f5d8fd7f27ea8b4c4b5c8e2f2d5a3a5f4f8c2c3a7e1', 'patch_notes': 'Update to version 1.3', 'filename': 'ota-build-1000.zip'}
2025-10-02 11:33:32,029 - main - INFO - Next build: build-1001, checking file: packages\ota-build-1001.zip
2025-10-02 11:33:33,497 - main - INFO - Checking update for build_id: 'build-1000'
2025-10-02 11:33:33,497 - main - INFO - Current build data: {'version': '1.3', 'package_url': '/packages/ota-build-1000.zip', 'checksum': '6fbba0759b0aa0f1cae52f5d8fd7f27ea8b4c4b5c8e2f2d5a3a5f4f8c2c3a7e1', 'patch_notes': 'Update to version 1.3', 'filename': 'ota-build-1000.zip'}
2025-10-02 11:33:33,497 - main - INFO - Next build: build-1001, checking file: packages\ota-build-1001.zip
2025-10-02 11:33:38,753 - main - INFO - Checking update for build_id: 'build-1000'
2025-10-02 11:33:38,754 - main - INFO - Current build data: {'version': '1.3', 'package_url': '/packages/ota-build-1000.zip', 'checksum': '6fbba0759b0aa0f1cae52f5d8fd7f27ea8b4c4b5c8e2f2d5a3a5f4f8c2c3a7e1', 'patch_notes': 'Update to version 1.3', 'filename': 'ota-build-1000.zip'}
2025-10-02 11:33:38,754 - main - INFO - Next build: build-1001, checking file: packages\ota-build-1001.zip
2025-10-02 11:33:43,774 - main - INFO - Checking update for build_id: 'build-1000'
2025-10-02 11:33:43,775 - main - INFO - Current build data: {'version': '1.3', 'package_url': '/packages/ota-build-1000.zip', 'checksum': '6fbba0759b0aa0f1cae52f5d8fd7f27ea8b4c4b5c8e2f2d5a3a5f4f8c2c3a7e1', 'patch_notes': 'Update to version 1.3', 'filename': 'ota-build-1000.zip'}
2025-10-02 11:33:43,775 - main - INFO - Next build: build-1001, checking file: packages\ota-build-1001.zip
2025-10-02 11:34:03,055 - main - INFO - Checking update for build_id: 'build-1000'
2025-10-02 11:34:03,056 - main - INFO - Current build data: {'version': '1.3', 'package_url': '/packages/ota-build-1000.zip', 'checksum': '6fbba0759b0aa0f1cae52f5d8fd7f27ea8b4c4b5c8e2f2d5a3a5f4f8c2c3a7e1', 'patch_notes': 'Update to version 1.3', 'filename': 'ota-build-1000.zip'}
2025-10-02 11:34:03,057 - main - INFO - Next build: build-1001, checking file: packages\ota-build-1001.zip
